2023.08.08 16:44:29 INFO  ce[][o.s.p.ProcessEntryPoint] Starting Compute Engine
2023.08.08 16:44:29 INFO  ce[][o.s.ce.app.CeServer] Compute Engine starting up...
2023.08.08 16:44:30 INFO  ce[][o.sonar.db.Database] Create JDBC data source for jdbc:h2:tcp://127.0.0.1:9092/sonar;NON_KEYWORDS=VALUE
2023.08.08 16:44:30 INFO  ce[][c.z.h.HikariDataSource] HikariPool-1 - Starting...
2023.08.08 16:44:30 INFO  ce[][c.z.h.p.HikariPool] HikariPool-1 - Added connection conn0: url=jdbc:h2:tcp://127.0.0.1:9092/sonar user=
2023.08.08 16:44:30 INFO  ce[][c.z.h.HikariDataSource] HikariPool-1 - Start completed.
2023.08.08 16:44:30 WARN  ce[][o.s.db.dialect.H2] H2 database should be used for evaluation purpose only.
2023.08.08 16:44:31 INFO  ce[][o.s.s.p.ServerFileSystemImpl] SonarQube home: C:\Users\jarlin.fonsecab_prag\Desktop\Sonarqube\sonarqube-9.8.0.63668
2023.08.08 16:44:32 INFO  ce[][o.s.c.c.CePluginRepository] Load plugins
2023.08.08 16:44:33 INFO  ce[][o.s.c.c.ComputeEngineContainerImpl] Running Community edition
2023.08.08 16:44:33 INFO  ce[][o.s.ce.app.CeServer] Compute Engine is started
2023.08.08 17:09:44 INFO  ce[][o.s.c.t.CeWorkerImpl] Execute task | project=django-example | type=REPORT | id=AYnXMuEV6A2CzK5Du9Zx | submitter=admin
2023.08.08 17:09:45 INFO  ce[AYnXMuEV6A2CzK5Du9Zx][o.s.c.t.s.ComputationStepExecutor] Extract report | status=SUCCESS | time=182ms
2023.08.08 17:09:45 INFO  ce[AYnXMuEV6A2CzK5Du9Zx][o.s.c.t.s.ComputationStepExecutor] Persist scanner context | status=SUCCESS | time=8ms
2023.08.08 17:09:45 INFO  ce[AYnXMuEV6A2CzK5Du9Zx][o.s.c.t.s.ComputationStepExecutor] Propagate analysis warnings from scanner report | status=SUCCESS | time=32ms
2023.08.08 17:09:45 INFO  ce[AYnXMuEV6A2CzK5Du9Zx][o.s.c.t.s.ComputationStepExecutor] Generate analysis UUID | status=SUCCESS | time=0ms
2023.08.08 17:09:45 INFO  ce[AYnXMuEV6A2CzK5Du9Zx][o.s.c.t.s.ComputationStepExecutor] Load analysis metadata | status=SUCCESS | time=116ms
2023.08.08 17:09:45 INFO  ce[AYnXMuEV6A2CzK5Du9Zx][o.s.c.t.s.ComputationStepExecutor] Initialize | status=SUCCESS | time=0ms
2023.08.08 17:09:45 INFO  ce[AYnXMuEV6A2CzK5Du9Zx][o.s.c.t.s.ComputationStepExecutor] Build tree of components | components=53 | status=SUCCESS | time=90ms
2023.08.08 17:09:45 INFO  ce[AYnXMuEV6A2CzK5Du9Zx][o.s.c.t.s.ComputationStepExecutor] Validate project | status=SUCCESS | time=5ms
2023.08.08 17:09:45 INFO  ce[AYnXMuEV6A2CzK5Du9Zx][o.s.s.e.EsClientProvider] Connected to local Elasticsearch: [http://kubernetes.docker.internal:9001]
2023.08.08 17:09:48 INFO  ce[AYnXMuEV6A2CzK5Du9Zx][o.s.c.t.s.ComputationStepExecutor] Load quality profiles | status=SUCCESS | time=2224ms
2023.08.08 17:09:48 INFO  ce[AYnXMuEV6A2CzK5Du9Zx][o.s.c.t.s.ComputationStepExecutor] Load file hashes and statuses | status=SUCCESS | time=6ms
2023.08.08 17:09:48 INFO  ce[AYnXMuEV6A2CzK5Du9Zx][o.s.c.t.s.ComputationStepExecutor] Load Quality gate | status=SUCCESS | time=10ms
2023.08.08 17:09:48 INFO  ce[AYnXMuEV6A2CzK5Du9Zx][o.s.c.t.s.ComputationStepExecutor] Load new code period | status=SUCCESS | time=7ms
2023.08.08 17:09:48 INFO  ce[AYnXMuEV6A2CzK5Du9Zx][o.s.c.t.s.ComputationStepExecutor] Detect file moves | status=SUCCESS | time=0ms
2023.08.08 17:09:48 INFO  ce[AYnXMuEV6A2CzK5Du9Zx][o.s.c.t.s.ComputationStepExecutor] Detect file moves in Pull Request scope | status=SUCCESS | time=0ms
2023.08.08 17:09:48 INFO  ce[AYnXMuEV6A2CzK5Du9Zx][o.s.c.t.s.ComputationStepExecutor] Load duplications | duplications=0 | status=SUCCESS | time=7ms
2023.08.08 17:09:48 INFO  ce[AYnXMuEV6A2CzK5Du9Zx][o.s.c.t.s.ComputationStepExecutor] Compute cross project duplications | status=SUCCESS | time=0ms
2023.08.08 17:09:48 INFO  ce[AYnXMuEV6A2CzK5Du9Zx][o.s.c.t.s.ComputationStepExecutor] Compute size measures | status=SUCCESS | time=41ms
2023.08.08 17:09:48 INFO  ce[AYnXMuEV6A2CzK5Du9Zx][o.s.c.t.s.ComputationStepExecutor] Compute new coverage | status=SUCCESS | time=6ms
2023.08.08 17:09:48 INFO  ce[AYnXMuEV6A2CzK5Du9Zx][o.s.c.t.s.ComputationStepExecutor] Compute coverage measures | status=SUCCESS | time=20ms
2023.08.08 17:09:48 INFO  ce[AYnXMuEV6A2CzK5Du9Zx][o.s.c.t.s.ComputationStepExecutor] Compute comment measures | status=SUCCESS | time=5ms
2023.08.08 17:09:48 INFO  ce[AYnXMuEV6A2CzK5Du9Zx][o.s.c.t.s.ComputationStepExecutor] Compute duplication measures | status=SUCCESS | time=2ms
2023.08.08 17:09:48 INFO  ce[AYnXMuEV6A2CzK5Du9Zx][o.s.c.t.s.ComputationStepExecutor] Compute size measures on new code | status=SUCCESS | time=1ms
2023.08.08 17:09:48 INFO  ce[AYnXMuEV6A2CzK5Du9Zx][o.s.c.t.s.ComputationStepExecutor] Compute language distribution | status=SUCCESS | time=20ms
2023.08.08 17:09:48 INFO  ce[AYnXMuEV6A2CzK5Du9Zx][o.s.c.t.s.ComputationStepExecutor] Compute test measures | status=SUCCESS | time=1ms
2023.08.08 17:09:48 INFO  ce[AYnXMuEV6A2CzK5Du9Zx][o.s.c.t.s.ComputationStepExecutor] Compute complexity measures | status=SUCCESS | time=5ms
2023.08.08 17:09:48 INFO  ce[AYnXMuEV6A2CzK5Du9Zx][o.s.c.t.s.ComputationStepExecutor] Load measure computers | status=SUCCESS | time=5ms
2023.08.08 17:09:48 INFO  ce[AYnXMuEV6A2CzK5Du9Zx][o.s.c.t.s.ComputationStepExecutor] Compute Quality Profile status | status=SUCCESS | time=5ms
2023.08.08 17:09:48 INFO  ce[AYnXMuEV6A2CzK5Du9Zx][o.s.c.t.s.ComputationStepExecutor] Execute component visitors | status=SUCCESS | time=274ms
2023.08.08 17:09:48 INFO  ce[AYnXMuEV6A2CzK5Du9Zx][o.s.c.t.s.ComputationStepExecutor] Checks executed after computation of measures | status=SUCCESS | time=0ms
2023.08.08 17:09:48 INFO  ce[AYnXMuEV6A2CzK5Du9Zx][o.s.c.t.s.ComputationStepExecutor] Compute Quality Gate measures | status=SUCCESS | time=9ms
2023.08.08 17:09:48 INFO  ce[AYnXMuEV6A2CzK5Du9Zx][o.s.c.t.s.ComputationStepExecutor] Compute Quality profile measures | status=SUCCESS | time=11ms
2023.08.08 17:09:48 INFO  ce[AYnXMuEV6A2CzK5Du9Zx][o.s.c.t.s.ComputationStepExecutor] Generate Quality profile events | status=SUCCESS | time=2ms
2023.08.08 17:09:48 INFO  ce[AYnXMuEV6A2CzK5Du9Zx][o.s.c.t.s.ComputationStepExecutor] Generate Quality gate events | status=SUCCESS | time=1ms
2023.08.08 17:09:48 INFO  ce[AYnXMuEV6A2CzK5Du9Zx][o.s.c.t.s.ComputationStepExecutor] Check upgrade possibility for not analyzed code files. | status=SUCCESS | time=1ms
2023.08.08 17:09:48 INFO  ce[AYnXMuEV6A2CzK5Du9Zx][o.s.c.t.s.ComputationStepExecutor] Persist scanner analysis cache | status=SUCCESS | time=0ms
2023.08.08 17:09:48 INFO  ce[AYnXMuEV6A2CzK5Du9Zx][o.s.c.t.s.ComputationStepExecutor] Persist components | status=SUCCESS | time=50ms
2023.08.08 17:09:48 INFO  ce[AYnXMuEV6A2CzK5Du9Zx][o.s.c.t.s.ComputationStepExecutor] Persist analysis | status=SUCCESS | time=4ms
2023.08.08 17:09:48 INFO  ce[AYnXMuEV6A2CzK5Du9Zx][o.s.c.t.s.ComputationStepExecutor] Persist analysis properties | status=SUCCESS | time=6ms
2023.08.08 17:09:49 INFO  ce[AYnXMuEV6A2CzK5Du9Zx][o.s.c.t.s.ComputationStepExecutor] Persist measures | inserts=51 | status=SUCCESS | time=22ms
2023.08.08 17:09:49 INFO  ce[AYnXMuEV6A2CzK5Du9Zx][o.s.c.t.s.ComputationStepExecutor] Persist live measures | insertsOrUpdates=1473 | status=SUCCESS | time=627ms
2023.08.08 17:09:49 INFO  ce[AYnXMuEV6A2CzK5Du9Zx][o.s.c.t.s.ComputationStepExecutor] Persist duplication data | insertsOrUpdates=0 | status=SUCCESS | time=2ms
2023.08.08 17:09:49 INFO  ce[AYnXMuEV6A2CzK5Du9Zx][o.s.c.t.s.ComputationStepExecutor] Persist new ad hoc Rules | status=SUCCESS | time=0ms
2023.08.08 17:09:49 INFO  ce[AYnXMuEV6A2CzK5Du9Zx][o.s.c.t.s.ComputationStepExecutor] Persist issues | cacheSize=2.8 kB | inserts=7 | updates=0 | merged=0 | status=SUCCESS | time=25ms
2023.08.08 17:09:49 INFO  ce[AYnXMuEV6A2CzK5Du9Zx][o.s.c.t.s.ComputationStepExecutor] Delete issue changes | changes=0 | status=SUCCESS | time=1ms
2023.08.08 17:09:49 INFO  ce[AYnXMuEV6A2CzK5Du9Zx][o.s.c.t.s.ComputationStepExecutor] Persist project links | status=SUCCESS | time=23ms
2023.08.08 17:09:49 INFO  ce[AYnXMuEV6A2CzK5Du9Zx][o.s.c.t.s.ComputationStepExecutor] Persist events | status=SUCCESS | time=16ms
2023.08.08 17:09:50 INFO  ce[AYnXMuEV6A2CzK5Du9Zx][o.s.c.t.s.ComputationStepExecutor] Persist sources | status=SUCCESS | time=492ms
2023.08.08 17:09:50 INFO  ce[AYnXMuEV6A2CzK5Du9Zx][o.s.c.t.s.ComputationStepExecutor] Persist cross project duplications | status=SUCCESS | time=0ms
2023.08.08 17:09:50 INFO  ce[AYnXMuEV6A2CzK5Du9Zx][o.s.c.t.s.ComputationStepExecutor] Enable analysis | status=SUCCESS | time=3ms
2023.08.08 17:09:50 INFO  ce[AYnXMuEV6A2CzK5Du9Zx][o.s.c.t.s.ComputationStepExecutor] Update last usage date of quality profiles | status=SUCCESS | time=13ms
2023.08.08 17:09:51 INFO  ce[AYnXMuEV6A2CzK5Du9Zx][o.s.c.t.s.ComputationStepExecutor] Purge db | status=SUCCESS | time=1256ms
2023.08.08 17:09:52 INFO  ce[AYnXMuEV6A2CzK5Du9Zx][o.s.c.t.s.ComputationStepExecutor] Index analysis | status=SUCCESS | time=522ms
2023.08.08 17:09:52 INFO  ce[AYnXMuEV6A2CzK5Du9Zx][o.s.c.t.s.ComputationStepExecutor] Update need issue sync for branch | status=SUCCESS | time=2ms
2023.08.08 17:09:52 INFO  ce[AYnXMuEV6A2CzK5Du9Zx][o.s.c.t.s.ComputationStepExecutor] Publishing taint vulnerabilities events | status=SUCCESS | time=17ms
2023.08.08 17:09:52 INFO  ce[AYnXMuEV6A2CzK5Du9Zx][o.s.c.t.s.ComputationStepExecutor] Send issue notifications | newIssuesNotifs=0 | newIssuesDeliveries=0 | myNewIssuesNotifs=0 | myNewIssuesDeliveries=0 | changesNotifs=0 | changesDeliveries=0 | status=SUCCESS | time=9ms
2023.08.08 17:09:52 INFO  ce[AYnXMuEV6A2CzK5Du9Zx][o.s.c.t.s.ComputationStepExecutor] Publish task results | status=SUCCESS | time=0ms
2023.08.08 17:09:52 INFO  ce[AYnXMuEV6A2CzK5Du9Zx][o.s.c.t.s.ComputationStepExecutor] Trigger refresh of Portfolios and Applications | status=SUCCESS | time=0ms
2023.08.08 17:09:52 INFO  ce[AYnXMuEV6A2CzK5Du9Zx][o.s.c.t.p.a.p.PostProjectAnalysisTasksExecutor] Webhooks | globalWebhooks=0 | projectWebhooks=0 | status=SUCCESS | time=26ms
2023.08.08 17:09:52 INFO  ce[AYnXMuEV6A2CzK5Du9Zx][o.s.c.t.CeWorkerImpl] Executed task | project=django-example | type=REPORT | id=AYnXMuEV6A2CzK5Du9Zx | submitter=admin | status=SUCCESS | time=7699ms
2023.08.08 17:43:26 INFO  ce[][o.s.p.ProcessEntryPoint] Gracefully stopping process
2023.08.08 17:43:26 INFO  ce[][o.s.ce.app.CeServer] Compute Engine is stopping...
2023.08.08 17:43:26 INFO  ce[][o.s.c.t.CeProcessingSchedulerImpl] Gracefully stopping workers...
2023.08.08 17:43:26 INFO  ce[][c.z.h.HikariDataSource] HikariPool-1 - Shutdown initiated...
2023.08.08 17:43:26 INFO  ce[][c.z.h.HikariDataSource] HikariPool-1 - Shutdown completed.
2023.08.08 17:43:26 INFO  ce[][o.s.ce.app.CeServer] Compute Engine is stopped
2023.08.08 17:45:18 INFO  ce[][o.s.p.ProcessEntryPoint] Starting Compute Engine
2023.08.08 17:45:18 INFO  ce[][o.s.ce.app.CeServer] Compute Engine starting up...
2023.08.08 17:45:19 INFO  ce[][o.sonar.db.Database] Create JDBC data source for jdbc:h2:tcp://127.0.0.1:9092/sonar;NON_KEYWORDS=VALUE
2023.08.08 17:45:19 INFO  ce[][c.z.h.HikariDataSource] HikariPool-1 - Starting...
2023.08.08 17:45:19 INFO  ce[][c.z.h.p.HikariPool] HikariPool-1 - Added connection conn0: url=jdbc:h2:tcp://127.0.0.1:9092/sonar user=
2023.08.08 17:45:19 INFO  ce[][c.z.h.HikariDataSource] HikariPool-1 - Start completed.
2023.08.08 17:45:19 WARN  ce[][o.s.db.dialect.H2] H2 database should be used for evaluation purpose only.
2023.08.08 17:45:20 INFO  ce[][o.s.s.p.ServerFileSystemImpl] SonarQube home: C:\Users\jarlin.fonsecab_prag\Desktop\Sonarqube\sonarqube-9.8.0.63668
2023.08.08 17:45:21 INFO  ce[][o.s.c.c.CePluginRepository] Load plugins
2023.08.08 17:45:22 INFO  ce[][o.s.c.c.ComputeEngineContainerImpl] Running Community edition
2023.08.08 17:45:22 INFO  ce[][o.s.ce.app.CeServer] Compute Engine is started
2023.08.08 18:17:46 INFO  ce[][o.s.c.t.CeWorkerImpl] Execute task | project=django-example | type=REPORT | id=AYnXcS46ZKwfy_NasCXB | submitter=admin
2023.08.08 18:17:47 INFO  ce[AYnXcS46ZKwfy_NasCXB][o.s.c.t.s.ComputationStepExecutor] Extract report | status=SUCCESS | time=17ms
2023.08.08 18:17:47 INFO  ce[AYnXcS46ZKwfy_NasCXB][o.s.c.t.s.ComputationStepExecutor] Persist scanner context | status=SUCCESS | time=11ms
2023.08.08 18:17:47 INFO  ce[AYnXcS46ZKwfy_NasCXB][o.s.c.t.s.ComputationStepExecutor] Propagate analysis warnings from scanner report | status=SUCCESS | time=1ms
2023.08.08 18:17:47 INFO  ce[AYnXcS46ZKwfy_NasCXB][o.s.c.t.s.ComputationStepExecutor] Generate analysis UUID | status=SUCCESS | time=0ms
2023.08.08 18:17:47 INFO  ce[AYnXcS46ZKwfy_NasCXB][o.s.c.t.s.ComputationStepExecutor] Load analysis metadata | status=SUCCESS | time=148ms
2023.08.08 18:17:47 INFO  ce[AYnXcS46ZKwfy_NasCXB][o.s.c.t.s.ComputationStepExecutor] Initialize | status=SUCCESS | time=0ms
2023.08.08 18:17:47 INFO  ce[AYnXcS46ZKwfy_NasCXB][o.s.c.t.s.ComputationStepExecutor] Build tree of components | components=1 | status=SUCCESS | time=41ms
2023.08.08 18:17:47 INFO  ce[AYnXcS46ZKwfy_NasCXB][o.s.c.t.s.ComputationStepExecutor] Validate project | status=SUCCESS | time=7ms
2023.08.08 18:17:47 INFO  ce[AYnXcS46ZKwfy_NasCXB][o.s.s.e.EsClientProvider] Connected to local Elasticsearch: [http://kubernetes.docker.internal:9001]
2023.08.08 18:17:49 INFO  ce[AYnXcS46ZKwfy_NasCXB][o.s.c.t.s.ComputationStepExecutor] Load quality profiles | status=SUCCESS | time=2147ms
2023.08.08 18:17:50 INFO  ce[AYnXcS46ZKwfy_NasCXB][o.s.c.t.s.ComputationStepExecutor] Load file hashes and statuses | status=SUCCESS | time=11ms
2023.08.08 18:17:50 INFO  ce[AYnXcS46ZKwfy_NasCXB][o.s.c.t.s.ComputationStepExecutor] Load Quality gate | status=SUCCESS | time=31ms
2023.08.08 18:17:50 INFO  ce[AYnXcS46ZKwfy_NasCXB][o.s.c.t.s.ComputationStepExecutor] Load new code period | status=SUCCESS | time=21ms
2023.08.08 18:17:50 INFO  ce[AYnXcS46ZKwfy_NasCXB][o.s.c.t.s.ComputationStepExecutor] Detect file moves | reportFiles=0 | status=SUCCESS | time=1ms
2023.08.08 18:17:50 INFO  ce[AYnXcS46ZKwfy_NasCXB][o.s.c.t.s.ComputationStepExecutor] Detect file moves in Pull Request scope | status=SUCCESS | time=0ms
2023.08.08 18:17:50 INFO  ce[AYnXcS46ZKwfy_NasCXB][o.s.c.t.s.ComputationStepExecutor] Load duplications | duplications=0 | status=SUCCESS | time=2ms
2023.08.08 18:17:50 INFO  ce[AYnXcS46ZKwfy_NasCXB][o.s.c.t.s.ComputationStepExecutor] Compute cross project duplications | status=SUCCESS | time=0ms
2023.08.08 18:17:50 INFO  ce[AYnXcS46ZKwfy_NasCXB][o.s.c.t.s.ComputationStepExecutor] Compute size measures | status=SUCCESS | time=6ms
2023.08.08 18:17:50 INFO  ce[AYnXcS46ZKwfy_NasCXB][o.s.c.t.s.ComputationStepExecutor] Compute new coverage | status=SUCCESS | time=4ms
2023.08.08 18:17:50 INFO  ce[AYnXcS46ZKwfy_NasCXB][o.s.c.t.s.ComputationStepExecutor] Compute coverage measures | status=SUCCESS | time=0ms
2023.08.08 18:17:50 INFO  ce[AYnXcS46ZKwfy_NasCXB][o.s.c.t.s.ComputationStepExecutor] Compute comment measures | status=SUCCESS | time=1ms
2023.08.08 18:17:50 INFO  ce[AYnXcS46ZKwfy_NasCXB][o.s.c.t.s.ComputationStepExecutor] Compute duplication measures | status=SUCCESS | time=1ms
2023.08.08 18:17:50 INFO  ce[AYnXcS46ZKwfy_NasCXB][o.s.c.t.s.ComputationStepExecutor] Compute size measures on new code | status=SUCCESS | time=1ms
2023.08.08 18:17:50 INFO  ce[AYnXcS46ZKwfy_NasCXB][o.s.c.t.s.ComputationStepExecutor] Compute language distribution | status=SUCCESS | time=11ms
2023.08.08 18:17:50 INFO  ce[AYnXcS46ZKwfy_NasCXB][o.s.c.t.s.ComputationStepExecutor] Compute test measures | status=SUCCESS | time=1ms
2023.08.08 18:17:50 INFO  ce[AYnXcS46ZKwfy_NasCXB][o.s.c.t.s.ComputationStepExecutor] Compute complexity measures | status=SUCCESS | time=1ms
2023.08.08 18:17:50 INFO  ce[AYnXcS46ZKwfy_NasCXB][o.s.c.t.s.ComputationStepExecutor] Load measure computers | status=SUCCESS | time=4ms
2023.08.08 18:17:50 INFO  ce[AYnXcS46ZKwfy_NasCXB][o.s.c.t.s.ComputationStepExecutor] Compute Quality Profile status | status=SUCCESS | time=21ms
2023.08.08 18:17:50 INFO  ce[AYnXcS46ZKwfy_NasCXB][o.s.c.t.s.ComputationStepExecutor] Execute component visitors | status=SUCCESS | time=87ms
2023.08.08 18:17:50 INFO  ce[AYnXcS46ZKwfy_NasCXB][o.s.c.t.s.ComputationStepExecutor] Checks executed after computation of measures | status=SUCCESS | time=0ms
2023.08.08 18:17:50 INFO  ce[AYnXcS46ZKwfy_NasCXB][o.s.c.t.s.ComputationStepExecutor] Compute Quality Gate measures | status=SUCCESS | time=7ms
2023.08.08 18:17:50 INFO  ce[AYnXcS46ZKwfy_NasCXB][o.s.c.t.s.ComputationStepExecutor] Compute Quality profile measures | status=SUCCESS | time=1ms
2023.08.08 18:17:50 INFO  ce[AYnXcS46ZKwfy_NasCXB][o.s.c.t.s.ComputationStepExecutor] Generate Quality profile events | status=SUCCESS | time=2ms
2023.08.08 18:17:50 INFO  ce[AYnXcS46ZKwfy_NasCXB][o.s.c.t.s.ComputationStepExecutor] Generate Quality gate events | status=SUCCESS | time=2ms
2023.08.08 18:17:50 INFO  ce[AYnXcS46ZKwfy_NasCXB][o.s.c.t.s.ComputationStepExecutor] Check upgrade possibility for not analyzed code files. | status=SUCCESS | time=2ms
2023.08.08 18:17:50 INFO  ce[AYnXcS46ZKwfy_NasCXB][o.s.c.t.s.ComputationStepExecutor] Persist scanner analysis cache | status=SUCCESS | time=0ms
2023.08.08 18:17:50 INFO  ce[AYnXcS46ZKwfy_NasCXB][o.s.c.t.s.ComputationStepExecutor] Persist components | status=SUCCESS | time=39ms
2023.08.08 18:17:50 INFO  ce[AYnXcS46ZKwfy_NasCXB][o.s.c.t.s.ComputationStepExecutor] Persist analysis | status=SUCCESS | time=6ms
2023.08.08 18:17:50 INFO  ce[AYnXcS46ZKwfy_NasCXB][o.s.c.t.s.ComputationStepExecutor] Persist analysis properties | status=SUCCESS | time=20ms
2023.08.08 18:17:50 INFO  ce[AYnXcS46ZKwfy_NasCXB][o.s.c.t.s.ComputationStepExecutor] Persist measures | inserts=33 | status=SUCCESS | time=24ms
2023.08.08 18:17:50 INFO  ce[AYnXcS46ZKwfy_NasCXB][o.s.c.t.s.ComputationStepExecutor] Persist live measures | insertsOrUpdates=54 | status=SUCCESS | time=37ms
2023.08.08 18:17:50 INFO  ce[AYnXcS46ZKwfy_NasCXB][o.s.c.t.s.ComputationStepExecutor] Persist duplication data | insertsOrUpdates=0 | status=SUCCESS | time=1ms
2023.08.08 18:17:50 INFO  ce[AYnXcS46ZKwfy_NasCXB][o.s.c.t.s.ComputationStepExecutor] Persist new ad hoc Rules | status=SUCCESS | time=0ms
2023.08.08 18:17:50 INFO  ce[AYnXcS46ZKwfy_NasCXB][o.s.c.t.s.ComputationStepExecutor] Persist issues | cacheSize=5.3 kB | inserts=0 | updates=7 | merged=0 | status=SUCCESS | time=21ms
2023.08.08 18:17:50 INFO  ce[AYnXcS46ZKwfy_NasCXB][o.s.c.t.s.ComputationStepExecutor] Delete issue changes | changes=0 | status=SUCCESS | time=0ms
2023.08.08 18:17:50 INFO  ce[AYnXcS46ZKwfy_NasCXB][o.s.c.t.s.ComputationStepExecutor] Persist project links | status=SUCCESS | time=5ms
2023.08.08 18:17:50 INFO  ce[AYnXcS46ZKwfy_NasCXB][o.s.c.t.s.ComputationStepExecutor] Persist events | status=SUCCESS | time=8ms
2023.08.08 18:17:50 INFO  ce[AYnXcS46ZKwfy_NasCXB][o.s.c.t.s.ComputationStepExecutor] Persist sources | status=SUCCESS | time=1ms
2023.08.08 18:17:50 INFO  ce[AYnXcS46ZKwfy_NasCXB][o.s.c.t.s.ComputationStepExecutor] Persist cross project duplications | status=SUCCESS | time=0ms
2023.08.08 18:17:50 INFO  ce[AYnXcS46ZKwfy_NasCXB][o.s.c.t.s.ComputationStepExecutor] Enable analysis | status=SUCCESS | time=11ms
2023.08.08 18:17:50 INFO  ce[AYnXcS46ZKwfy_NasCXB][o.s.c.t.s.ComputationStepExecutor] Update last usage date of quality profiles | status=SUCCESS | time=1ms
2023.08.08 18:17:51 INFO  ce[AYnXcS46ZKwfy_NasCXB][o.s.c.t.s.ComputationStepExecutor] Purge db | status=SUCCESS | time=1064ms
2023.08.08 18:17:52 INFO  ce[AYnXcS46ZKwfy_NasCXB][o.s.c.t.s.ComputationStepExecutor] Index analysis | status=SUCCESS | time=385ms
2023.08.08 18:17:52 INFO  ce[AYnXcS46ZKwfy_NasCXB][o.s.c.t.s.ComputationStepExecutor] Update need issue sync for branch | status=SUCCESS | time=1ms
2023.08.08 18:17:52 INFO  ce[AYnXcS46ZKwfy_NasCXB][o.s.c.t.s.ComputationStepExecutor] Publishing taint vulnerabilities events | status=SUCCESS | time=4ms
2023.08.08 18:17:52 INFO  ce[AYnXcS46ZKwfy_NasCXB][o.s.c.t.s.ComputationStepExecutor] Send issue notifications | newIssuesNotifs=0 | newIssuesDeliveries=0 | myNewIssuesNotifs=0 | myNewIssuesDeliveries=0 | changesNotifs=0 | changesDeliveries=0 | status=SUCCESS | time=5ms
2023.08.08 18:17:52 INFO  ce[AYnXcS46ZKwfy_NasCXB][o.s.c.t.s.ComputationStepExecutor] Publish task results | status=SUCCESS | time=0ms
2023.08.08 18:17:52 INFO  ce[AYnXcS46ZKwfy_NasCXB][o.s.c.t.s.ComputationStepExecutor] Trigger refresh of Portfolios and Applications | status=SUCCESS | time=0ms
2023.08.08 18:17:52 INFO  ce[AYnXcS46ZKwfy_NasCXB][o.s.c.t.p.a.p.PostProjectAnalysisTasksExecutor] Webhooks | globalWebhooks=0 | projectWebhooks=0 | status=SUCCESS | time=6ms
2023.08.08 18:17:52 INFO  ce[AYnXcS46ZKwfy_NasCXB][o.s.c.t.CeWorkerImpl] Executed task | project=django-example | type=REPORT | id=AYnXcS46ZKwfy_NasCXB | submitter=admin | status=SUCCESS | time=5461ms
2023.08.08 18:21:32 INFO  ce[][o.s.c.t.CeWorkerImpl] Execute task | project=plazoleta-service | type=REPORT | id=AYnXdKC9ZKwfy_NasCXL | submitter=admin
2023.08.08 18:21:33 INFO  ce[AYnXdKC9ZKwfy_NasCXL][o.s.c.t.s.ComputationStepExecutor] Extract report | status=SUCCESS | time=1036ms
2023.08.08 18:21:33 INFO  ce[AYnXdKC9ZKwfy_NasCXL][o.s.c.t.s.ComputationStepExecutor] Persist scanner context | status=SUCCESS | time=3ms
2023.08.08 18:21:33 INFO  ce[AYnXdKC9ZKwfy_NasCXL][o.s.c.t.s.ComputationStepExecutor] Propagate analysis warnings from scanner report | status=SUCCESS | time=0ms
2023.08.08 18:21:33 INFO  ce[AYnXdKC9ZKwfy_NasCXL][o.s.c.t.s.ComputationStepExecutor] Generate analysis UUID | status=SUCCESS | time=0ms
2023.08.08 18:21:33 INFO  ce[AYnXdKC9ZKwfy_NasCXL][o.s.c.t.s.ComputationStepExecutor] Load analysis metadata | status=SUCCESS | time=4ms
2023.08.08 18:21:33 INFO  ce[AYnXdKC9ZKwfy_NasCXL][o.s.c.t.s.ComputationStepExecutor] Initialize | status=SUCCESS | time=0ms
2023.08.08 18:21:33 INFO  ce[AYnXdKC9ZKwfy_NasCXL][o.s.c.t.s.ComputationStepExecutor] Build tree of components | components=214 | status=SUCCESS | time=81ms
2023.08.08 18:21:33 INFO  ce[AYnXdKC9ZKwfy_NasCXL][o.s.c.t.s.ComputationStepExecutor] Validate project | status=SUCCESS | time=2ms
2023.08.08 18:21:35 INFO  ce[AYnXdKC9ZKwfy_NasCXL][o.s.c.t.s.ComputationStepExecutor] Load quality profiles | status=SUCCESS | time=2301ms
2023.08.08 18:21:36 INFO  ce[AYnXdKC9ZKwfy_NasCXL][o.s.c.t.s.ComputationStepExecutor] Load file hashes and statuses | status=SUCCESS | time=1ms
2023.08.08 18:21:36 INFO  ce[AYnXdKC9ZKwfy_NasCXL][o.s.c.t.s.ComputationStepExecutor] Load Quality gate | status=SUCCESS | time=5ms
2023.08.08 18:21:36 INFO  ce[AYnXdKC9ZKwfy_NasCXL][o.s.c.t.s.ComputationStepExecutor] Load new code period | status=SUCCESS | time=5ms
2023.08.08 18:21:36 INFO  ce[AYnXdKC9ZKwfy_NasCXL][o.s.c.t.s.ComputationStepExecutor] Detect file moves | status=SUCCESS | time=0ms
2023.08.08 18:21:36 INFO  ce[AYnXdKC9ZKwfy_NasCXL][o.s.c.t.s.ComputationStepExecutor] Detect file moves in Pull Request scope | status=SUCCESS | time=0ms
2023.08.08 18:21:36 INFO  ce[AYnXdKC9ZKwfy_NasCXL][o.s.c.t.s.ComputationStepExecutor] Load duplications | duplications=24 | status=SUCCESS | time=50ms
2023.08.08 18:21:36 INFO  ce[AYnXdKC9ZKwfy_NasCXL][o.s.c.t.s.ComputationStepExecutor] Compute cross project duplications | status=SUCCESS | time=0ms
2023.08.08 18:21:36 INFO  ce[AYnXdKC9ZKwfy_NasCXL][o.s.c.t.s.ComputationStepExecutor] Compute size measures | status=SUCCESS | time=102ms
2023.08.08 18:21:36 INFO  ce[AYnXdKC9ZKwfy_NasCXL][o.s.c.t.s.ComputationStepExecutor] Compute new coverage | status=SUCCESS | time=5ms
2023.08.08 18:21:36 INFO  ce[AYnXdKC9ZKwfy_NasCXL][o.s.c.t.s.ComputationStepExecutor] Compute coverage measures | status=SUCCESS | time=59ms
2023.08.08 18:21:36 INFO  ce[AYnXdKC9ZKwfy_NasCXL][o.s.c.t.s.ComputationStepExecutor] Compute comment measures | status=SUCCESS | time=6ms
2023.08.08 18:21:36 INFO  ce[AYnXdKC9ZKwfy_NasCXL][o.s.c.t.s.ComputationStepExecutor] Compute duplication measures | status=SUCCESS | time=6ms
2023.08.08 18:21:36 INFO  ce[AYnXdKC9ZKwfy_NasCXL][o.s.c.t.s.ComputationStepExecutor] Compute size measures on new code | status=SUCCESS | time=1ms
2023.08.08 18:21:36 INFO  ce[AYnXdKC9ZKwfy_NasCXL][o.s.c.t.s.ComputationStepExecutor] Compute language distribution | status=SUCCESS | time=17ms
2023.08.08 18:21:36 INFO  ce[AYnXdKC9ZKwfy_NasCXL][o.s.c.t.s.ComputationStepExecutor] Compute test measures | status=SUCCESS | time=2ms
2023.08.08 18:21:36 INFO  ce[AYnXdKC9ZKwfy_NasCXL][o.s.c.t.s.ComputationStepExecutor] Compute complexity measures | status=SUCCESS | time=5ms
2023.08.08 18:21:36 INFO  ce[AYnXdKC9ZKwfy_NasCXL][o.s.c.t.s.ComputationStepExecutor] Load measure computers | status=SUCCESS | time=0ms
2023.08.08 18:21:36 INFO  ce[AYnXdKC9ZKwfy_NasCXL][o.s.c.t.s.ComputationStepExecutor] Compute Quality Profile status | status=SUCCESS | time=2ms
2023.08.08 18:21:37 INFO  ce[AYnXdKC9ZKwfy_NasCXL][o.s.c.t.s.ComputationStepExecutor] Execute component visitors | status=SUCCESS | time=1061ms
2023.08.08 18:21:37 INFO  ce[AYnXdKC9ZKwfy_NasCXL][o.s.c.t.s.ComputationStepExecutor] Checks executed after computation of measures | status=SUCCESS | time=0ms
2023.08.08 18:21:37 INFO  ce[AYnXdKC9ZKwfy_NasCXL][o.s.c.t.s.ComputationStepExecutor] Compute Quality Gate measures | status=SUCCESS | time=1ms
2023.08.08 18:21:37 INFO  ce[AYnXdKC9ZKwfy_NasCXL][o.s.c.t.s.ComputationStepExecutor] Compute Quality profile measures | status=SUCCESS | time=6ms
2023.08.08 18:21:37 INFO  ce[AYnXdKC9ZKwfy_NasCXL][o.s.c.t.s.ComputationStepExecutor] Generate Quality profile events | status=SUCCESS | time=2ms
2023.08.08 18:21:37 INFO  ce[AYnXdKC9ZKwfy_NasCXL][o.s.c.t.s.ComputationStepExecutor] Generate Quality gate events | status=SUCCESS | time=1ms
2023.08.08 18:21:37 INFO  ce[AYnXdKC9ZKwfy_NasCXL][o.s.c.t.s.ComputationStepExecutor] Check upgrade possibility for not analyzed code files. | status=SUCCESS | time=0ms
2023.08.08 18:21:37 INFO  ce[AYnXdKC9ZKwfy_NasCXL][o.s.c.t.s.ComputationStepExecutor] Persist scanner analysis cache | status=SUCCESS | time=11ms
2023.08.08 18:21:37 INFO  ce[AYnXdKC9ZKwfy_NasCXL][o.s.c.t.s.ComputationStepExecutor] Persist components | status=SUCCESS | time=191ms
2023.08.08 18:21:37 INFO  ce[AYnXdKC9ZKwfy_NasCXL][o.s.c.t.s.ComputationStepExecutor] Persist analysis | status=SUCCESS | time=1ms
2023.08.08 18:21:37 INFO  ce[AYnXdKC9ZKwfy_NasCXL][o.s.c.t.s.ComputationStepExecutor] Persist analysis properties | status=SUCCESS | time=3ms
2023.08.08 18:21:37 INFO  ce[AYnXdKC9ZKwfy_NasCXL][o.s.c.t.s.ComputationStepExecutor] Persist measures | inserts=60 | status=SUCCESS | time=19ms
2023.08.08 18:21:39 INFO  ce[AYnXdKC9ZKwfy_NasCXL][o.s.c.t.s.ComputationStepExecutor] Persist live measures | insertsOrUpdates=6408 | status=SUCCESS | time=1740ms
2023.08.08 18:21:39 INFO  ce[AYnXdKC9ZKwfy_NasCXL][o.s.c.t.s.ComputationStepExecutor] Persist duplication data | insertsOrUpdates=0 | status=SUCCESS | time=12ms
2023.08.08 18:21:39 INFO  ce[AYnXdKC9ZKwfy_NasCXL][o.s.c.t.s.ComputationStepExecutor] Persist new ad hoc Rules | status=SUCCESS | time=0ms
2023.08.08 18:21:39 INFO  ce[AYnXdKC9ZKwfy_NasCXL][o.s.c.t.s.ComputationStepExecutor] Persist issues | cacheSize=92.1 kB | inserts=171 | updates=0 | merged=0 | status=SUCCESS | time=85ms
2023.08.08 18:21:39 INFO  ce[AYnXdKC9ZKwfy_NasCXL][o.s.c.t.s.ComputationStepExecutor] Delete issue changes | changes=0 | status=SUCCESS | time=0ms
2023.08.08 18:21:39 INFO  ce[AYnXdKC9ZKwfy_NasCXL][o.s.c.t.s.ComputationStepExecutor] Persist project links | status=SUCCESS | time=2ms
2023.08.08 18:21:39 INFO  ce[AYnXdKC9ZKwfy_NasCXL][o.s.c.t.s.ComputationStepExecutor] Persist events | status=SUCCESS | time=2ms
2023.08.08 18:21:40 INFO  ce[AYnXdKC9ZKwfy_NasCXL][o.s.c.t.s.ComputationStepExecutor] Persist sources | status=SUCCESS | time=1051ms
2023.08.08 18:21:40 INFO  ce[AYnXdKC9ZKwfy_NasCXL][o.s.c.t.s.ComputationStepExecutor] Persist cross project duplications | status=SUCCESS | time=0ms
2023.08.08 18:21:40 INFO  ce[AYnXdKC9ZKwfy_NasCXL][o.s.c.t.s.ComputationStepExecutor] Enable analysis | status=SUCCESS | time=5ms
2023.08.08 18:21:40 INFO  ce[AYnXdKC9ZKwfy_NasCXL][o.s.c.t.s.ComputationStepExecutor] Update last usage date of quality profiles | status=SUCCESS | time=10ms
2023.08.08 18:21:40 INFO  ce[AYnXdKC9ZKwfy_NasCXL][o.s.c.t.s.ComputationStepExecutor] Purge db | status=SUCCESS | time=26ms
2023.08.08 18:21:41 INFO  ce[AYnXdKC9ZKwfy_NasCXL][o.s.c.t.s.ComputationStepExecutor] Index analysis | status=SUCCESS | time=808ms
2023.08.08 18:21:41 INFO  ce[AYnXdKC9ZKwfy_NasCXL][o.s.c.t.s.ComputationStepExecutor] Update need issue sync for branch | status=SUCCESS | time=1ms
2023.08.08 18:21:41 INFO  ce[AYnXdKC9ZKwfy_NasCXL][o.s.c.t.s.ComputationStepExecutor] Publishing taint vulnerabilities events | status=SUCCESS | time=36ms
2023.08.08 18:21:41 INFO  ce[AYnXdKC9ZKwfy_NasCXL][o.s.c.t.s.ComputationStepExecutor] Send issue notifications | newIssuesNotifs=0 | newIssuesDeliveries=0 | myNewIssuesNotifs=0 | myNewIssuesDeliveries=0 | changesNotifs=0 | changesDeliveries=0 | status=SUCCESS | time=3ms
2023.08.08 18:21:41 INFO  ce[AYnXdKC9ZKwfy_NasCXL][o.s.c.t.s.ComputationStepExecutor] Publish task results | status=SUCCESS | time=0ms
2023.08.08 18:21:41 INFO  ce[AYnXdKC9ZKwfy_NasCXL][o.s.c.t.s.ComputationStepExecutor] Trigger refresh of Portfolios and Applications | status=SUCCESS | time=0ms
2023.08.08 18:21:41 INFO  ce[AYnXdKC9ZKwfy_NasCXL][o.s.c.t.p.a.p.PostProjectAnalysisTasksExecutor] Webhooks | globalWebhooks=0 | projectWebhooks=0 | status=SUCCESS | time=3ms
2023.08.08 18:21:42 INFO  ce[AYnXdKC9ZKwfy_NasCXL][o.s.c.t.CeWorkerImpl] Executed task | project=plazoleta-service | type=REPORT | id=AYnXdKC9ZKwfy_NasCXL | submitter=admin | status=SUCCESS | time=9516ms
2023.08.08 18:56:59 WARN  ce[][c.z.h.p.HikariPool] HikariPool-1 - Thread starvation or clock leap detected (housekeeper delta=13m38s622ms770µs100ns).
2023.08.08 19:11:48 INFO  ce[][o.s.c.t.CeWorkerImpl] Execute task | project=plazoleta-service | type=REPORT | id=AYnXoqIfZKwfy_NasCXM | submitter=admin
2023.08.08 19:11:49 INFO  ce[AYnXoqIfZKwfy_NasCXM][o.s.c.t.s.ComputationStepExecutor] Extract report | status=SUCCESS | time=511ms
2023.08.08 19:11:49 INFO  ce[AYnXoqIfZKwfy_NasCXM][o.s.c.t.s.ComputationStepExecutor] Persist scanner context | status=SUCCESS | time=2ms
2023.08.08 19:11:49 INFO  ce[AYnXoqIfZKwfy_NasCXM][o.s.c.t.s.ComputationStepExecutor] Propagate analysis warnings from scanner report | status=SUCCESS | time=0ms
2023.08.08 19:11:49 INFO  ce[AYnXoqIfZKwfy_NasCXM][o.s.c.t.s.ComputationStepExecutor] Generate analysis UUID | status=SUCCESS | time=0ms
2023.08.08 19:11:49 INFO  ce[AYnXoqIfZKwfy_NasCXM][o.s.c.t.s.ComputationStepExecutor] Load analysis metadata | status=SUCCESS | time=2ms
2023.08.08 19:11:49 INFO  ce[AYnXoqIfZKwfy_NasCXM][o.s.c.t.s.ComputationStepExecutor] Initialize | status=SUCCESS | time=0ms
2023.08.08 19:11:49 INFO  ce[AYnXoqIfZKwfy_NasCXM][o.s.c.t.s.ComputationStepExecutor] Build tree of components | components=214 | status=SUCCESS | time=37ms
2023.08.08 19:11:49 INFO  ce[AYnXoqIfZKwfy_NasCXM][o.s.c.t.s.ComputationStepExecutor] Validate project | status=SUCCESS | time=1ms
2023.08.08 19:11:50 INFO  ce[AYnXoqIfZKwfy_NasCXM][o.s.c.t.s.ComputationStepExecutor] Load quality profiles | status=SUCCESS | time=1467ms
2023.08.08 19:11:50 INFO  ce[AYnXoqIfZKwfy_NasCXM][o.s.c.t.s.ComputationStepExecutor] Load file hashes and statuses | status=SUCCESS | time=81ms
2023.08.08 19:11:50 INFO  ce[AYnXoqIfZKwfy_NasCXM][o.s.c.t.s.ComputationStepExecutor] Load Quality gate | status=SUCCESS | time=6ms
2023.08.08 19:11:50 INFO  ce[AYnXoqIfZKwfy_NasCXM][o.s.c.t.s.ComputationStepExecutor] Load new code period | status=SUCCESS | time=5ms
2023.08.08 19:11:50 INFO  ce[AYnXoqIfZKwfy_NasCXM][o.s.c.t.s.ComputationStepExecutor] Detect file moves | reportFiles=165 | dbFiles=165 | addedFiles=0 | status=SUCCESS | time=14ms
2023.08.08 19:11:50 INFO  ce[AYnXoqIfZKwfy_NasCXM][o.s.c.t.s.ComputationStepExecutor] Detect file moves in Pull Request scope | status=SUCCESS | time=0ms
2023.08.08 19:11:50 INFO  ce[AYnXoqIfZKwfy_NasCXM][o.s.c.t.s.ComputationStepExecutor] Load duplications | duplications=24 | status=SUCCESS | time=29ms
2023.08.08 19:11:50 INFO  ce[AYnXoqIfZKwfy_NasCXM][o.s.c.t.s.ComputationStepExecutor] Compute cross project duplications | status=SUCCESS | time=0ms
2023.08.08 19:11:50 INFO  ce[AYnXoqIfZKwfy_NasCXM][o.s.c.t.s.ComputationStepExecutor] Compute size measures | status=SUCCESS | time=58ms
2023.08.08 19:11:51 INFO  ce[AYnXoqIfZKwfy_NasCXM][o.s.c.t.s.ComputationStepExecutor] Compute new coverage | status=SUCCESS | time=432ms
2023.08.08 19:11:51 INFO  ce[AYnXoqIfZKwfy_NasCXM][o.s.c.t.s.ComputationStepExecutor] Compute coverage measures | status=SUCCESS | time=27ms
2023.08.08 19:11:51 INFO  ce[AYnXoqIfZKwfy_NasCXM][o.s.c.t.s.ComputationStepExecutor] Compute comment measures | status=SUCCESS | time=2ms
2023.08.08 19:11:51 INFO  ce[AYnXoqIfZKwfy_NasCXM][o.s.c.t.s.ComputationStepExecutor] Compute duplication measures | status=SUCCESS | time=1ms
2023.08.08 19:11:51 INFO  ce[AYnXoqIfZKwfy_NasCXM][o.s.c.t.s.ComputationStepExecutor] Compute size measures on new code | status=SUCCESS | time=16ms
2023.08.08 19:11:51 INFO  ce[AYnXoqIfZKwfy_NasCXM][o.s.c.t.s.ComputationStepExecutor] Compute language distribution | status=SUCCESS | time=3ms
2023.08.08 19:11:51 INFO  ce[AYnXoqIfZKwfy_NasCXM][o.s.c.t.s.ComputationStepExecutor] Compute test measures | status=SUCCESS | time=0ms
2023.08.08 19:11:51 INFO  ce[AYnXoqIfZKwfy_NasCXM][o.s.c.t.s.ComputationStepExecutor] Compute complexity measures | status=SUCCESS | time=2ms
2023.08.08 19:11:51 INFO  ce[AYnXoqIfZKwfy_NasCXM][o.s.c.t.s.ComputationStepExecutor] Load measure computers | status=SUCCESS | time=0ms
2023.08.08 19:11:51 INFO  ce[AYnXoqIfZKwfy_NasCXM][o.s.c.t.s.ComputationStepExecutor] Compute Quality Profile status | status=SUCCESS | time=2ms
2023.08.08 19:11:52 INFO  ce[AYnXoqIfZKwfy_NasCXM][o.s.c.t.s.ComputationStepExecutor] Execute component visitors | status=SUCCESS | time=756ms
2023.08.08 19:11:52 INFO  ce[AYnXoqIfZKwfy_NasCXM][o.s.c.t.s.ComputationStepExecutor] Checks executed after computation of measures | status=SUCCESS | time=0ms
2023.08.08 19:11:52 INFO  ce[AYnXoqIfZKwfy_NasCXM][o.s.c.t.s.ComputationStepExecutor] Compute Quality Gate measures | status=SUCCESS | time=2ms
2023.08.08 19:11:52 INFO  ce[AYnXoqIfZKwfy_NasCXM][o.s.c.t.s.ComputationStepExecutor] Compute Quality profile measures | status=SUCCESS | time=0ms
2023.08.08 19:11:52 INFO  ce[AYnXoqIfZKwfy_NasCXM][o.s.c.t.s.ComputationStepExecutor] Generate Quality profile events | status=SUCCESS | time=4ms
2023.08.08 19:11:52 INFO  ce[AYnXoqIfZKwfy_NasCXM][o.s.c.t.s.ComputationStepExecutor] Generate Quality gate events | status=SUCCESS | time=2ms
2023.08.08 19:11:52 INFO  ce[AYnXoqIfZKwfy_NasCXM][o.s.c.t.s.ComputationStepExecutor] Check upgrade possibility for not analyzed code files. | status=SUCCESS | time=0ms
2023.08.08 19:11:52 INFO  ce[AYnXoqIfZKwfy_NasCXM][o.s.c.t.s.ComputationStepExecutor] Persist scanner analysis cache | status=SUCCESS | time=4ms
2023.08.08 19:11:52 INFO  ce[AYnXoqIfZKwfy_NasCXM][o.s.c.t.s.ComputationStepExecutor] Persist components | status=SUCCESS | time=41ms
2023.08.08 19:11:52 INFO  ce[AYnXoqIfZKwfy_NasCXM][o.s.c.t.s.ComputationStepExecutor] Persist analysis | status=SUCCESS | time=2ms
2023.08.08 19:11:52 INFO  ce[AYnXoqIfZKwfy_NasCXM][o.s.c.t.s.ComputationStepExecutor] Persist analysis properties | status=SUCCESS | time=14ms
2023.08.08 19:11:52 INFO  ce[AYnXoqIfZKwfy_NasCXM][o.s.c.t.s.ComputationStepExecutor] Persist measures | inserts=62 | status=SUCCESS | time=20ms
2023.08.08 19:11:54 INFO  ce[AYnXoqIfZKwfy_NasCXM][o.s.c.t.s.ComputationStepExecutor] Persist live measures | insertsOrUpdates=8759 | status=SUCCESS | time=2038ms
2023.08.08 19:11:54 INFO  ce[AYnXoqIfZKwfy_NasCXM][o.s.c.t.s.ComputationStepExecutor] Persist duplication data | insertsOrUpdates=0 | status=SUCCESS | time=7ms
2023.08.08 19:11:54 INFO  ce[AYnXoqIfZKwfy_NasCXM][o.s.c.t.s.ComputationStepExecutor] Persist new ad hoc Rules | status=SUCCESS | time=0ms
2023.08.08 19:11:54 INFO  ce[AYnXoqIfZKwfy_NasCXM][o.s.c.t.s.ComputationStepExecutor] Persist issues | cacheSize=0 bytes | inserts=0 | updates=0 | merged=0 | status=SUCCESS | time=4ms
2023.08.08 19:11:54 INFO  ce[AYnXoqIfZKwfy_NasCXM][o.s.c.t.s.ComputationStepExecutor] Delete issue changes | changes=0 | status=SUCCESS | time=0ms
2023.08.08 19:11:54 INFO  ce[AYnXoqIfZKwfy_NasCXM][o.s.c.t.s.ComputationStepExecutor] Persist project links | status=SUCCESS | time=1ms
2023.08.08 19:11:54 INFO  ce[AYnXoqIfZKwfy_NasCXM][o.s.c.t.s.ComputationStepExecutor] Persist events | status=SUCCESS | time=3ms
2023.08.08 19:11:55 INFO  ce[AYnXoqIfZKwfy_NasCXM][o.s.c.t.s.ComputationStepExecutor] Persist sources | status=SUCCESS | time=854ms
2023.08.08 19:11:55 INFO  ce[AYnXoqIfZKwfy_NasCXM][o.s.c.t.s.ComputationStepExecutor] Persist cross project duplications | status=SUCCESS | time=0ms
2023.08.08 19:11:55 INFO  ce[AYnXoqIfZKwfy_NasCXM][o.s.c.t.s.ComputationStepExecutor] Enable analysis | status=SUCCESS | time=3ms
2023.08.08 19:11:55 INFO  ce[AYnXoqIfZKwfy_NasCXM][o.s.c.t.s.ComputationStepExecutor] Update last usage date of quality profiles | status=SUCCESS | time=2ms
2023.08.08 19:11:55 INFO  ce[AYnXoqIfZKwfy_NasCXM][o.s.c.t.s.ComputationStepExecutor] Purge db | status=SUCCESS | time=33ms
2023.08.08 19:11:55 INFO  ce[AYnXoqIfZKwfy_NasCXM][o.s.c.t.s.ComputationStepExecutor] Index analysis | status=SUCCESS | time=586ms
2023.08.08 19:11:55 INFO  ce[AYnXoqIfZKwfy_NasCXM][o.s.c.t.s.ComputationStepExecutor] Update need issue sync for branch | status=SUCCESS | time=1ms
2023.08.08 19:11:55 INFO  ce[AYnXoqIfZKwfy_NasCXM][o.s.c.t.s.ComputationStepExecutor] Publishing taint vulnerabilities events | status=SUCCESS | time=1ms
2023.08.08 19:11:55 INFO  ce[AYnXoqIfZKwfy_NasCXM][o.s.c.t.s.ComputationStepExecutor] Send issue notifications | newIssuesNotifs=0 | newIssuesDeliveries=0 | myNewIssuesNotifs=0 | myNewIssuesDeliveries=0 | changesNotifs=0 | changesDeliveries=0 | status=SUCCESS | time=2ms
2023.08.08 19:11:55 INFO  ce[AYnXoqIfZKwfy_NasCXM][o.s.c.t.s.ComputationStepExecutor] Publish task results | status=SUCCESS | time=1ms
2023.08.08 19:11:55 INFO  ce[AYnXoqIfZKwfy_NasCXM][o.s.c.t.s.ComputationStepExecutor] Trigger refresh of Portfolios and Applications | status=SUCCESS | time=0ms
2023.08.08 19:11:55 INFO  ce[AYnXoqIfZKwfy_NasCXM][o.s.c.t.p.a.p.PostProjectAnalysisTasksExecutor] Webhooks | globalWebhooks=0 | projectWebhooks=0 | status=SUCCESS | time=2ms
2023.08.08 19:11:56 INFO  ce[AYnXoqIfZKwfy_NasCXM][o.s.c.t.CeWorkerImpl] Executed task | project=plazoleta-service | type=REPORT | id=AYnXoqIfZKwfy_NasCXM | submitter=admin | status=SUCCESS | time=8090ms
2023.08.08 19:13:25 INFO  ce[][o.s.c.t.CeWorkerImpl] Execute task | project=plazoleta-service | type=REPORT | id=AYnXpB0iZKwfy_NasCXN | submitter=admin
2023.08.08 19:13:26 INFO  ce[AYnXpB0iZKwfy_NasCXN][o.s.c.t.s.ComputationStepExecutor] Extract report | status=SUCCESS | time=636ms
2023.08.08 19:13:26 INFO  ce[AYnXpB0iZKwfy_NasCXN][o.s.c.t.s.ComputationStepExecutor] Persist scanner context | status=SUCCESS | time=2ms
2023.08.08 19:13:26 INFO  ce[AYnXpB0iZKwfy_NasCXN][o.s.c.t.s.ComputationStepExecutor] Propagate analysis warnings from scanner report | status=SUCCESS | time=0ms
2023.08.08 19:13:26 INFO  ce[AYnXpB0iZKwfy_NasCXN][o.s.c.t.s.ComputationStepExecutor] Generate analysis UUID | status=SUCCESS | time=0ms
2023.08.08 19:13:26 INFO  ce[AYnXpB0iZKwfy_NasCXN][o.s.c.t.s.ComputationStepExecutor] Load analysis metadata | status=SUCCESS | time=2ms
2023.08.08 19:13:26 INFO  ce[AYnXpB0iZKwfy_NasCXN][o.s.c.t.s.ComputationStepExecutor] Initialize | status=SUCCESS | time=0ms
2023.08.08 19:13:26 INFO  ce[AYnXpB0iZKwfy_NasCXN][o.s.c.t.s.ComputationStepExecutor] Build tree of components | components=214 | status=SUCCESS | time=40ms
2023.08.08 19:13:26 INFO  ce[AYnXpB0iZKwfy_NasCXN][o.s.c.t.s.ComputationStepExecutor] Validate project | status=SUCCESS | time=2ms
2023.08.08 19:13:28 INFO  ce[AYnXpB0iZKwfy_NasCXN][o.s.c.t.s.ComputationStepExecutor] Load quality profiles | status=SUCCESS | time=2299ms
2023.08.08 19:13:28 INFO  ce[AYnXpB0iZKwfy_NasCXN][o.s.c.t.s.ComputationStepExecutor] Load file hashes and statuses | status=SUCCESS | time=54ms
2023.08.08 19:13:28 INFO  ce[AYnXpB0iZKwfy_NasCXN][o.s.c.t.s.ComputationStepExecutor] Load Quality gate | status=SUCCESS | time=3ms
2023.08.08 19:13:28 INFO  ce[AYnXpB0iZKwfy_NasCXN][o.s.c.t.s.ComputationStepExecutor] Load new code period | status=SUCCESS | time=3ms
2023.08.08 19:13:28 INFO  ce[AYnXpB0iZKwfy_NasCXN][o.s.c.t.s.ComputationStepExecutor] Detect file moves | reportFiles=165 | dbFiles=165 | addedFiles=0 | status=SUCCESS | time=7ms
2023.08.08 19:13:28 INFO  ce[AYnXpB0iZKwfy_NasCXN][o.s.c.t.s.ComputationStepExecutor] Detect file moves in Pull Request scope | status=SUCCESS | time=0ms
2023.08.08 19:13:28 INFO  ce[AYnXpB0iZKwfy_NasCXN][o.s.c.t.s.ComputationStepExecutor] Load duplications | duplications=24 | status=SUCCESS | time=20ms
2023.08.08 19:13:28 INFO  ce[AYnXpB0iZKwfy_NasCXN][o.s.c.t.s.ComputationStepExecutor] Compute cross project duplications | status=SUCCESS | time=0ms
2023.08.08 19:13:28 INFO  ce[AYnXpB0iZKwfy_NasCXN][o.s.c.t.s.ComputationStepExecutor] Compute size measures | status=SUCCESS | time=45ms
2023.08.08 19:13:28 INFO  ce[AYnXpB0iZKwfy_NasCXN][o.s.c.t.s.ComputationStepExecutor] Compute new coverage | status=SUCCESS | time=357ms
2023.08.08 19:13:28 INFO  ce[AYnXpB0iZKwfy_NasCXN][o.s.c.t.s.ComputationStepExecutor] Compute coverage measures | status=SUCCESS | time=53ms
2023.08.08 19:13:28 INFO  ce[AYnXpB0iZKwfy_NasCXN][o.s.c.t.s.ComputationStepExecutor] Compute comment measures | status=SUCCESS | time=2ms
2023.08.08 19:13:28 INFO  ce[AYnXpB0iZKwfy_NasCXN][o.s.c.t.s.ComputationStepExecutor] Compute duplication measures | status=SUCCESS | time=2ms
2023.08.08 19:13:28 INFO  ce[AYnXpB0iZKwfy_NasCXN][o.s.c.t.s.ComputationStepExecutor] Compute size measures on new code | status=SUCCESS | time=26ms
2023.08.08 19:13:28 INFO  ce[AYnXpB0iZKwfy_NasCXN][o.s.c.t.s.ComputationStepExecutor] Compute language distribution | status=SUCCESS | time=4ms
2023.08.08 19:13:28 INFO  ce[AYnXpB0iZKwfy_NasCXN][o.s.c.t.s.ComputationStepExecutor] Compute test measures | status=SUCCESS | time=1ms
2023.08.08 19:13:28 INFO  ce[AYnXpB0iZKwfy_NasCXN][o.s.c.t.s.ComputationStepExecutor] Compute complexity measures | status=SUCCESS | time=1ms
2023.08.08 19:13:29 INFO  ce[AYnXpB0iZKwfy_NasCXN][o.s.c.t.s.ComputationStepExecutor] Load measure computers | status=SUCCESS | time=0ms
2023.08.08 19:13:29 INFO  ce[AYnXpB0iZKwfy_NasCXN][o.s.c.t.s.ComputationStepExecutor] Compute Quality Profile status | status=SUCCESS | time=3ms
2023.08.08 19:13:29 INFO  ce[AYnXpB0iZKwfy_NasCXN][o.s.c.t.s.ComputationStepExecutor] Execute component visitors | status=SUCCESS | time=578ms
2023.08.08 19:13:29 INFO  ce[AYnXpB0iZKwfy_NasCXN][o.s.c.t.s.ComputationStepExecutor] Checks executed after computation of measures | status=SUCCESS | time=0ms
2023.08.08 19:13:29 INFO  ce[AYnXpB0iZKwfy_NasCXN][o.s.c.t.s.ComputationStepExecutor] Compute Quality Gate measures | status=SUCCESS | time=1ms
2023.08.08 19:13:29 INFO  ce[AYnXpB0iZKwfy_NasCXN][o.s.c.t.s.ComputationStepExecutor] Compute Quality profile measures | status=SUCCESS | time=1ms
2023.08.08 19:13:29 INFO  ce[AYnXpB0iZKwfy_NasCXN][o.s.c.t.s.ComputationStepExecutor] Generate Quality profile events | status=SUCCESS | time=2ms
2023.08.08 19:13:29 INFO  ce[AYnXpB0iZKwfy_NasCXN][o.s.c.t.s.ComputationStepExecutor] Generate Quality gate events | status=SUCCESS | time=2ms
2023.08.08 19:13:29 INFO  ce[AYnXpB0iZKwfy_NasCXN][o.s.c.t.s.ComputationStepExecutor] Check upgrade possibility for not analyzed code files. | status=SUCCESS | time=0ms
2023.08.08 19:13:29 INFO  ce[AYnXpB0iZKwfy_NasCXN][o.s.c.t.s.ComputationStepExecutor] Persist scanner analysis cache | status=SUCCESS | time=3ms
2023.08.08 19:13:29 INFO  ce[AYnXpB0iZKwfy_NasCXN][o.s.c.t.s.ComputationStepExecutor] Persist components | status=SUCCESS | time=25ms
2023.08.08 19:13:29 INFO  ce[AYnXpB0iZKwfy_NasCXN][o.s.c.t.s.ComputationStepExecutor] Persist analysis | status=SUCCESS | time=1ms
2023.08.08 19:13:29 INFO  ce[AYnXpB0iZKwfy_NasCXN][o.s.c.t.s.ComputationStepExecutor] Persist analysis properties | status=SUCCESS | time=2ms
2023.08.08 19:13:29 INFO  ce[AYnXpB0iZKwfy_NasCXN][o.s.c.t.s.ComputationStepExecutor] Persist measures | inserts=62 | status=SUCCESS | time=14ms
2023.08.08 19:13:31 INFO  ce[AYnXpB0iZKwfy_NasCXN][o.s.c.t.s.ComputationStepExecutor] Persist live measures | insertsOrUpdates=8759 | status=SUCCESS | time=2006ms
2023.08.08 19:13:31 INFO  ce[AYnXpB0iZKwfy_NasCXN][o.s.c.t.s.ComputationStepExecutor] Persist duplication data | insertsOrUpdates=0 | status=SUCCESS | time=6ms
2023.08.08 19:13:31 INFO  ce[AYnXpB0iZKwfy_NasCXN][o.s.c.t.s.ComputationStepExecutor] Persist new ad hoc Rules | status=SUCCESS | time=0ms
2023.08.08 19:13:31 INFO  ce[AYnXpB0iZKwfy_NasCXN][o.s.c.t.s.ComputationStepExecutor] Persist issues | cacheSize=0 bytes | inserts=0 | updates=0 | merged=0 | status=SUCCESS | time=0ms
2023.08.08 19:13:31 INFO  ce[AYnXpB0iZKwfy_NasCXN][o.s.c.t.s.ComputationStepExecutor] Delete issue changes | changes=0 | status=SUCCESS | time=0ms
2023.08.08 19:13:31 INFO  ce[AYnXpB0iZKwfy_NasCXN][o.s.c.t.s.ComputationStepExecutor] Persist project links | status=SUCCESS | time=1ms
2023.08.08 19:13:31 INFO  ce[AYnXpB0iZKwfy_NasCXN][o.s.c.t.s.ComputationStepExecutor] Persist events | status=SUCCESS | time=2ms
2023.08.08 19:13:32 INFO  ce[AYnXpB0iZKwfy_NasCXN][o.s.c.t.s.ComputationStepExecutor] Persist sources | status=SUCCESS | time=413ms
2023.08.08 19:13:32 INFO  ce[AYnXpB0iZKwfy_NasCXN][o.s.c.t.s.ComputationStepExecutor] Persist cross project duplications | status=SUCCESS | time=0ms
2023.08.08 19:13:32 INFO  ce[AYnXpB0iZKwfy_NasCXN][o.s.c.t.s.ComputationStepExecutor] Enable analysis | status=SUCCESS | time=3ms
2023.08.08 19:13:32 INFO  ce[AYnXpB0iZKwfy_NasCXN][o.s.c.t.s.ComputationStepExecutor] Update last usage date of quality profiles | status=SUCCESS | time=3ms
2023.08.08 19:13:32 INFO  ce[AYnXpB0iZKwfy_NasCXN][o.s.c.t.s.ComputationStepExecutor] Purge db | status=SUCCESS | time=23ms
2023.08.08 19:13:32 INFO  ce[AYnXpB0iZKwfy_NasCXN][o.s.c.t.s.ComputationStepExecutor] Index analysis | status=SUCCESS | time=586ms
2023.08.08 19:13:32 INFO  ce[AYnXpB0iZKwfy_NasCXN][o.s.c.t.s.ComputationStepExecutor] Update need issue sync for branch | status=SUCCESS | time=2ms
2023.08.08 19:13:32 INFO  ce[AYnXpB0iZKwfy_NasCXN][o.s.c.t.s.ComputationStepExecutor] Publishing taint vulnerabilities events | status=SUCCESS | time=3ms
2023.08.08 19:13:32 INFO  ce[AYnXpB0iZKwfy_NasCXN][o.s.c.t.s.ComputationStepExecutor] Send issue notifications | newIssuesNotifs=0 | newIssuesDeliveries=0 | myNewIssuesNotifs=0 | myNewIssuesDeliveries=0 | changesNotifs=0 | changesDeliveries=0 | status=SUCCESS | time=2ms
2023.08.08 19:13:32 INFO  ce[AYnXpB0iZKwfy_NasCXN][o.s.c.t.s.ComputationStepExecutor] Publish task results | status=SUCCESS | time=0ms
2023.08.08 19:13:32 INFO  ce[AYnXpB0iZKwfy_NasCXN][o.s.c.t.s.ComputationStepExecutor] Trigger refresh of Portfolios and Applications | status=SUCCESS | time=0ms
2023.08.08 19:13:32 INFO  ce[AYnXpB0iZKwfy_NasCXN][o.s.c.t.p.a.p.PostProjectAnalysisTasksExecutor] Webhooks | globalWebhooks=0 | projectWebhooks=0 | status=SUCCESS | time=12ms
2023.08.08 19:13:34 INFO  ce[AYnXpB0iZKwfy_NasCXN][o.s.c.t.CeWorkerImpl] Executed task | project=plazoleta-service | type=REPORT | id=AYnXpB0iZKwfy_NasCXN | submitter=admin | status=SUCCESS | time=8734ms
2023.08.08 19:15:53 INFO  ce[][o.s.c.t.CeWorkerImpl] Execute task | project=plazoleta-service | type=REPORT | id=AYnXpmJgZKwfy_NasCXO | submitter=admin
2023.08.08 19:15:54 INFO  ce[AYnXpmJgZKwfy_NasCXO][o.s.c.t.s.ComputationStepExecutor] Extract report | status=SUCCESS | time=705ms
2023.08.08 19:15:54 INFO  ce[AYnXpmJgZKwfy_NasCXO][o.s.c.t.s.ComputationStepExecutor] Persist scanner context | status=SUCCESS | time=5ms
2023.08.08 19:15:54 INFO  ce[AYnXpmJgZKwfy_NasCXO][o.s.c.t.s.ComputationStepExecutor] Propagate analysis warnings from scanner report | status=SUCCESS | time=0ms
2023.08.08 19:15:54 INFO  ce[AYnXpmJgZKwfy_NasCXO][o.s.c.t.s.ComputationStepExecutor] Generate analysis UUID | status=SUCCESS | time=0ms
2023.08.08 19:15:54 INFO  ce[AYnXpmJgZKwfy_NasCXO][o.s.c.t.s.ComputationStepExecutor] Load analysis metadata | status=SUCCESS | time=3ms
2023.08.08 19:15:54 INFO  ce[AYnXpmJgZKwfy_NasCXO][o.s.c.t.s.ComputationStepExecutor] Initialize | status=SUCCESS | time=0ms
2023.08.08 19:15:54 INFO  ce[AYnXpmJgZKwfy_NasCXO][o.s.c.t.s.ComputationStepExecutor] Build tree of components | components=189 | status=SUCCESS | time=45ms
2023.08.08 19:15:54 INFO  ce[AYnXpmJgZKwfy_NasCXO][o.s.c.t.s.ComputationStepExecutor] Validate project | status=SUCCESS | time=2ms
2023.08.08 19:15:55 INFO  ce[AYnXpmJgZKwfy_NasCXO][o.s.c.t.s.ComputationStepExecutor] Load quality profiles | status=SUCCESS | time=1569ms
2023.08.08 19:15:55 INFO  ce[AYnXpmJgZKwfy_NasCXO][o.s.c.t.s.ComputationStepExecutor] Load file hashes and statuses | status=SUCCESS | time=54ms
2023.08.08 19:15:55 INFO  ce[AYnXpmJgZKwfy_NasCXO][o.s.c.t.s.ComputationStepExecutor] Load Quality gate | status=SUCCESS | time=3ms
2023.08.08 19:15:55 INFO  ce[AYnXpmJgZKwfy_NasCXO][o.s.c.t.s.ComputationStepExecutor] Load new code period | status=SUCCESS | time=4ms
2023.08.08 19:15:55 INFO  ce[AYnXpmJgZKwfy_NasCXO][o.s.c.t.s.ComputationStepExecutor] Detect file moves | reportFiles=146 | dbFiles=165 | addedFiles=0 | status=SUCCESS | time=8ms
2023.08.08 19:15:55 INFO  ce[AYnXpmJgZKwfy_NasCXO][o.s.c.t.s.ComputationStepExecutor] Detect file moves in Pull Request scope | status=SUCCESS | time=0ms
2023.08.08 19:15:55 INFO  ce[AYnXpmJgZKwfy_NasCXO][o.s.c.t.s.ComputationStepExecutor] Load duplications | duplications=2 | status=SUCCESS | time=15ms
2023.08.08 19:15:55 INFO  ce[AYnXpmJgZKwfy_NasCXO][o.s.c.t.s.ComputationStepExecutor] Compute cross project duplications | status=SUCCESS | time=0ms
2023.08.08 19:15:55 INFO  ce[AYnXpmJgZKwfy_NasCXO][o.s.c.t.s.ComputationStepExecutor] Compute size measures | status=SUCCESS | time=61ms
2023.08.08 19:15:56 INFO  ce[AYnXpmJgZKwfy_NasCXO][o.s.c.t.s.ComputationStepExecutor] Compute new coverage | status=SUCCESS | time=387ms
2023.08.08 19:15:56 INFO  ce[AYnXpmJgZKwfy_NasCXO][o.s.c.t.s.ComputationStepExecutor] Compute coverage measures | status=SUCCESS | time=35ms
2023.08.08 19:15:56 INFO  ce[AYnXpmJgZKwfy_NasCXO][o.s.c.t.s.ComputationStepExecutor] Compute comment measures | status=SUCCESS | time=1ms
2023.08.08 19:15:56 INFO  ce[AYnXpmJgZKwfy_NasCXO][o.s.c.t.s.ComputationStepExecutor] Compute duplication measures | status=SUCCESS | time=1ms
2023.08.08 19:15:56 INFO  ce[AYnXpmJgZKwfy_NasCXO][o.s.c.t.s.ComputationStepExecutor] Compute size measures on new code | status=SUCCESS | time=35ms
2023.08.08 19:15:56 INFO  ce[AYnXpmJgZKwfy_NasCXO][o.s.c.t.s.ComputationStepExecutor] Compute language distribution | status=SUCCESS | time=19ms
2023.08.08 19:15:56 INFO  ce[AYnXpmJgZKwfy_NasCXO][o.s.c.t.s.ComputationStepExecutor] Compute test measures | status=SUCCESS | time=6ms
2023.08.08 19:15:56 INFO  ce[AYnXpmJgZKwfy_NasCXO][o.s.c.t.s.ComputationStepExecutor] Compute complexity measures | status=SUCCESS | time=1ms
2023.08.08 19:15:56 INFO  ce[AYnXpmJgZKwfy_NasCXO][o.s.c.t.s.ComputationStepExecutor] Load measure computers | status=SUCCESS | time=0ms
2023.08.08 19:15:56 INFO  ce[AYnXpmJgZKwfy_NasCXO][o.s.c.t.s.ComputationStepExecutor] Compute Quality Profile status | status=SUCCESS | time=6ms
2023.08.08 19:15:56 INFO  ce[AYnXpmJgZKwfy_NasCXO][o.s.c.t.s.ComputationStepExecutor] Execute component visitors | status=SUCCESS | time=531ms
2023.08.08 19:15:56 INFO  ce[AYnXpmJgZKwfy_NasCXO][o.s.c.t.s.ComputationStepExecutor] Checks executed after computation of measures | status=SUCCESS | time=0ms
2023.08.08 19:15:56 INFO  ce[AYnXpmJgZKwfy_NasCXO][o.s.c.t.s.ComputationStepExecutor] Compute Quality Gate measures | status=SUCCESS | time=0ms
2023.08.08 19:15:56 INFO  ce[AYnXpmJgZKwfy_NasCXO][o.s.c.t.s.ComputationStepExecutor] Compute Quality profile measures | status=SUCCESS | time=0ms
2023.08.08 19:15:56 INFO  ce[AYnXpmJgZKwfy_NasCXO][o.s.c.t.s.ComputationStepExecutor] Generate Quality profile events | status=SUCCESS | time=2ms
2023.08.08 19:15:56 INFO  ce[AYnXpmJgZKwfy_NasCXO][o.s.c.t.s.ComputationStepExecutor] Generate Quality gate events | status=SUCCESS | time=2ms
2023.08.08 19:15:56 INFO  ce[AYnXpmJgZKwfy_NasCXO][o.s.c.t.s.ComputationStepExecutor] Check upgrade possibility for not analyzed code files. | status=SUCCESS | time=0ms
2023.08.08 19:15:57 INFO  ce[AYnXpmJgZKwfy_NasCXO][o.s.c.t.s.ComputationStepExecutor] Persist scanner analysis cache | status=SUCCESS | time=3ms
2023.08.08 19:15:57 INFO  ce[AYnXpmJgZKwfy_NasCXO][o.s.c.t.s.ComputationStepExecutor] Persist components | status=SUCCESS | time=75ms
2023.08.08 19:15:57 INFO  ce[AYnXpmJgZKwfy_NasCXO][o.s.c.t.s.ComputationStepExecutor] Persist analysis | status=SUCCESS | time=1ms
2023.08.08 19:15:57 INFO  ce[AYnXpmJgZKwfy_NasCXO][o.s.c.t.s.ComputationStepExecutor] Persist analysis properties | status=SUCCESS | time=1ms
2023.08.08 19:15:57 INFO  ce[AYnXpmJgZKwfy_NasCXO][o.s.c.t.s.ComputationStepExecutor] Persist measures | inserts=62 | status=SUCCESS | time=11ms
2023.08.08 19:15:58 INFO  ce[AYnXpmJgZKwfy_NasCXO][o.s.c.t.s.ComputationStepExecutor] Persist live measures | insertsOrUpdates=7633 | status=SUCCESS | time=1738ms
2023.08.08 19:15:58 INFO  ce[AYnXpmJgZKwfy_NasCXO][o.s.c.t.s.ComputationStepExecutor] Persist duplication data | insertsOrUpdates=0 | status=SUCCESS | time=2ms
2023.08.08 19:15:58 INFO  ce[AYnXpmJgZKwfy_NasCXO][o.s.c.t.s.ComputationStepExecutor] Persist new ad hoc Rules | status=SUCCESS | time=0ms
2023.08.08 19:15:58 INFO  ce[AYnXpmJgZKwfy_NasCXO][o.s.c.t.s.ComputationStepExecutor] Persist issues | cacheSize=779 bytes | inserts=0 | updates=1 | merged=0 | status=SUCCESS | time=5ms
2023.08.08 19:15:58 INFO  ce[AYnXpmJgZKwfy_NasCXO][o.s.c.t.s.ComputationStepExecutor] Delete issue changes | changes=0 | status=SUCCESS | time=0ms
2023.08.08 19:15:58 INFO  ce[AYnXpmJgZKwfy_NasCXO][o.s.c.t.s.ComputationStepExecutor] Persist project links | status=SUCCESS | time=2ms
2023.08.08 19:15:58 INFO  ce[AYnXpmJgZKwfy_NasCXO][o.s.c.t.s.ComputationStepExecutor] Persist events | status=SUCCESS | time=2ms
2023.08.08 19:15:59 INFO  ce[AYnXpmJgZKwfy_NasCXO][o.s.c.t.s.ComputationStepExecutor] Persist sources | status=SUCCESS | time=238ms
2023.08.08 19:15:59 INFO  ce[AYnXpmJgZKwfy_NasCXO][o.s.c.t.s.ComputationStepExecutor] Persist cross project duplications | status=SUCCESS | time=0ms
2023.08.08 19:15:59 INFO  ce[AYnXpmJgZKwfy_NasCXO][o.s.c.t.s.ComputationStepExecutor] Enable analysis | status=SUCCESS | time=28ms
2023.08.08 19:15:59 INFO  ce[AYnXpmJgZKwfy_NasCXO][o.s.c.t.s.ComputationStepExecutor] Update last usage date of quality profiles | status=SUCCESS | time=3ms
2023.08.08 19:15:59 INFO  ce[AYnXpmJgZKwfy_NasCXO][o.s.c.t.s.ComputationStepExecutor] Purge db | status=SUCCESS | time=139ms
2023.08.08 19:16:00 INFO  ce[AYnXpmJgZKwfy_NasCXO][o.s.c.t.s.ComputationStepExecutor] Index analysis | status=SUCCESS | time=770ms
2023.08.08 19:16:00 INFO  ce[AYnXpmJgZKwfy_NasCXO][o.s.c.t.s.ComputationStepExecutor] Update need issue sync for branch | status=SUCCESS | time=2ms
2023.08.08 19:16:00 INFO  ce[AYnXpmJgZKwfy_NasCXO][o.s.c.t.s.ComputationStepExecutor] Publishing taint vulnerabilities events | status=SUCCESS | time=2ms
2023.08.08 19:16:00 INFO  ce[AYnXpmJgZKwfy_NasCXO][o.s.c.t.s.ComputationStepExecutor] Send issue notifications | newIssuesNotifs=0 | newIssuesDeliveries=0 | myNewIssuesNotifs=0 | myNewIssuesDeliveries=0 | changesNotifs=0 | changesDeliveries=0 | status=SUCCESS | time=2ms
2023.08.08 19:16:00 INFO  ce[AYnXpmJgZKwfy_NasCXO][o.s.c.t.s.ComputationStepExecutor] Publish task results | status=SUCCESS | time=0ms
2023.08.08 19:16:00 INFO  ce[AYnXpmJgZKwfy_NasCXO][o.s.c.t.s.ComputationStepExecutor] Trigger refresh of Portfolios and Applications | status=SUCCESS | time=0ms
2023.08.08 19:16:00 INFO  ce[AYnXpmJgZKwfy_NasCXO][o.s.c.t.p.a.p.PostProjectAnalysisTasksExecutor] Webhooks | globalWebhooks=0 | projectWebhooks=0 | status=SUCCESS | time=3ms
2023.08.08 19:16:01 INFO  ce[AYnXpmJgZKwfy_NasCXO][o.s.c.t.CeWorkerImpl] Executed task | project=plazoleta-service | type=REPORT | id=AYnXpmJgZKwfy_NasCXO | submitter=admin | status=SUCCESS | time=8308ms
